<?xml version="1.0" encoding="UTF-8"?>
<!-- Generated by org.testng.reporters.JUnitXMLReporter -->
<testsuite hostname="DESKTOP-9GD8AIJ" ignored="0" tests="6" failures="0" timestamp="11 мая 2020 08:27:48 GMT" time="70.088" errors="0">
  <testcase name="deleteMember" time="1.046" classname="TrelloTests"/>
  <testcase name="unArchiveList" time="0.283" classname="TrelloTests"/>
  <testcase name="deleteLabel" time="0.268" classname="TrelloTests"/>
  <testcase name="deleteMemberUi" time="11.145" classname="TrelloTests"/>
  <testcase name="unArchiveListUi" time="2.468" classname="TrelloTests"/>
  <testcase name="deleteLabelUi" time="11.739" classname="TrelloTests"/>
</testsuite>
