<?xml version="1.0" encoding="UTF-8"?>
<testng-results skipped="0" failed="0" ignored="0" total="6" passed="6">
  <reporter-output>
  </reporter-output>
  <suite name="Surefire suite" duration-ms="70088" started-at="2020-05-11T08:26:38Z" finished-at="2020-05-11T08:27:48Z">
    <groups>
      <group name="ui">
        <method signature="TrelloTests.deleteLabelUi()[pri:5, instance:TrelloTests@352ed70d]" name="deleteLabelUi" class="TrelloTests"/>
        <method signature="TrelloTests.deleteMemberUi()[pri:3, instance:TrelloTests@352ed70d]" name="deleteMemberUi" class="TrelloTests"/>
        <method signature="TrelloTests.unArchiveListUi()[pri:4, instance:TrelloTests@352ed70d]" name="unArchiveListUi" class="TrelloTests"/>
      </group> <!-- ui -->
      <group name="api">
        <method signature="TrelloTests.deleteLabel()[pri:2, instance:TrelloTests@352ed70d]" name="deleteLabel" class="TrelloTests"/>
        <method signature="TrelloTests.deleteMember()[pri:0, instance:TrelloTests@352ed70d]" name="deleteMember" class="TrelloTests"/>
        <method signature="TrelloTests.unArchiveList()[pri:1, instance:TrelloTests@352ed70d]" name="unArchiveList" class="TrelloTests"/>
      </group> <!-- api -->
    </groups>
    <test name="Surefire test" duration-ms="70088" started-at="2020-05-11T08:26:38Z" finished-at="2020-05-11T08:27:48Z">
      <class name="TrelloTests">
        <test-method status="PASS" signature="setUp()[pri:0, instance:TrelloTests@352ed70d]" name="setUp" is-config="true" duration-ms="2733" started-at="2020-05-11T08:26:38Z" finished-at="2020-05-11T08:26:40Z">
          <reporter-output>
          </reporter-output>
        </test-method> <!-- setUp -->
        <test-method status="PASS" signature="deleteMember()[pri:0, instance:TrelloTests@352ed70d]" name="deleteMember" duration-ms="1046" started-at="2020-05-11T08:26:40Z" finished-at="2020-05-11T08:26:41Z">
          <reporter-output>
          </reporter-output>
        </test-method> <!-- deleteMember -->
        <test-method status="PASS" signature="unArchiveList()[pri:1, instance:TrelloTests@352ed70d]" name="unArchiveList" duration-ms="283" started-at="2020-05-11T08:26:42Z" finished-at="2020-05-11T08:26:42Z">
          <reporter-output>
          </reporter-output>
        </test-method> <!-- unArchiveList -->
        <test-method status="PASS" signature="deleteLabel()[pri:2, instance:TrelloTests@352ed70d]" name="deleteLabel" duration-ms="268" started-at="2020-05-11T08:26:42Z" finished-at="2020-05-11T08:26:42Z">
          <reporter-output>
          </reporter-output>
        </test-method> <!-- deleteLabel -->
        <test-method status="PASS" signature="deleteBoard()[pri:0, instance:TrelloTests@352ed70d]" name="deleteBoard" is-config="true" duration-ms="560" started-at="2020-05-11T08:26:42Z" finished-at="2020-05-11T08:26:43Z">
          <reporter-output>
          </reporter-output>
        </test-method> <!-- deleteBoard -->
        <test-method status="PASS" signature="driverSetup()[pri:0, instance:TrelloTests@352ed70d]" name="driverSetup" is-config="true" duration-ms="170" started-at="2020-05-11T08:26:43Z" finished-at="2020-05-11T08:26:43Z">
          <reporter-output>
          </reporter-output>
        </test-method> <!-- driverSetup -->
        <test-method status="PASS" signature="login()[pri:0, instance:TrelloTests@352ed70d]" name="login" is-config="true" duration-ms="28484" started-at="2020-05-11T08:26:43Z" finished-at="2020-05-11T08:27:12Z">
          <reporter-output>
          </reporter-output>
        </test-method> <!-- login -->
        <test-method status="PASS" signature="setUp()[pri:0, instance:TrelloTests@352ed70d]" name="setUp" is-config="true" duration-ms="1761" started-at="2020-05-11T08:27:12Z" finished-at="2020-05-11T08:27:13Z">
          <reporter-output>
          </reporter-output>
        </test-method> <!-- setUp -->
        <test-method status="PASS" signature="deleteMemberUi()[pri:3, instance:TrelloTests@352ed70d]" name="deleteMemberUi" duration-ms="11145" started-at="2020-05-11T08:27:13Z" finished-at="2020-05-11T08:27:25Z">
          <reporter-output>
          </reporter-output>
        </test-method> <!-- deleteMemberUi -->
        <test-method status="PASS" signature="unArchiveListUi()[pri:4, instance:TrelloTests@352ed70d]" name="unArchiveListUi" duration-ms="2468" started-at="2020-05-11T08:27:25Z" finished-at="2020-05-11T08:27:27Z">
          <reporter-output>
          </reporter-output>
        </test-method> <!-- unArchiveListUi -->
        <test-method status="PASS" signature="deleteLabelUi()[pri:5, instance:TrelloTests@352ed70d]" name="deleteLabelUi" duration-ms="11739" started-at="2020-05-11T08:27:27Z" finished-at="2020-05-11T08:27:39Z">
          <reporter-output>
          </reporter-output>
        </test-method> <!-- deleteLabelUi -->
        <test-method status="PASS" signature="deleteBoard()[pri:0, instance:TrelloTests@352ed70d]" name="deleteBoard" is-config="true" duration-ms="835" started-at="2020-05-11T08:27:39Z" finished-at="2020-05-11T08:27:40Z">
          <reporter-output>
          </reporter-output>
        </test-method> <!-- deleteBoard -->
        <test-method status="PASS" signature="close()[pri:0, instance:TrelloTests@352ed70d]" name="close" is-config="true" duration-ms="7988" started-at="2020-05-11T08:27:40Z" finished-at="2020-05-11T08:27:48Z">
          <reporter-output>
          </reporter-output>
        </test-method> <!-- close -->
      </class> <!-- TrelloTests -->
    </test> <!-- Surefire test -->
  </suite> <!-- Surefire suite -->
</testng-results>
